<?xml version="1.0" encoding="UTF-8"?>
<!-- Generated by org.testng.reporters.JUnitReportReporter -->
<testsuite hostname="DESKTOP-2T8NVVG" failures="0" tests="2" name="com.sdet.AppTest" time="0.057" errors="0" timestamp="2023-06-30T20:29:40 IST" skipped="0">
  <testcase classname="com.sdet.AppTest" name="testlogin1" time="0.053"/>
  <testcase classname="com.sdet.AppTest" name="testlogin2" time="0.004"/>
</testsuite> <!-- com.sdet.AppTest -->
