<?xml version="1.0" encoding="UTF-8"?>
<!-- Generated by org.testng.reporters.JUnitReportReporter -->
<testsuite hostname="DESKTOP-2T8NVVG" failures="0" tests="1" name="com.sdet.TC_Login" time="78.564" errors="0" timestamp="2023-06-30T20:59:55 IST" skipped="0">
  <testcase classname="com.sdet.TC_Login" name="login_test" time="78.564"/>
</testsuite> <!-- com.sdet.TC_Login -->
